<?xml version="1.0" encoding="UTF-8"?>
<testsuite xmlns:xsi="http://www.w3.org/2001/XMLSchema-instance" xsi:noNamespaceSchemaLocation="https://maven.apache.org/surefire/maven-surefire-plugin/xsd/surefire-test-report-3.0.xsd" version="3.0" name="com.myapp.spring.ProductCreationTest" time="1.133" tests="1" errors="0" skipped="0" failures="0">
  <properties>
[...]
</properties>
  <testcase name="should pass product save details to domain component and return &apos;ok&apos; status" classname="com.myapp.spring.ProductCreationTest" time="0.241">
    <system-out><![CDATA[
  .   ____          _            __ _ _
 /\\ / ___'_ __ _ _(_)_ __  __ _ \ \ \ \
( ( )\___ | '_ | '_| | '_ \/ _` | \ \ \ \
 \\/  ___)| |_)| | | | | || (_| |  ) ) ) )
  '  |____| .__|_| |_|_| |_\__, | / / / /
 =========|_|==============|___/=/_/_/_/
 :: Spring Boot ::                (v3.1.3)

2023-09-05T14:50:36.966+05:30  INFO 18288 --- [           main] com.myapp.spring.ProductCreationTest     : Starting ProductCreationTest using Java 17.0.7 with PID 18288 (started by 004ODT744 in C:\DevopsWorkSpace\devops-spring-groovy)
2023-09-05T14:50:36.967+05:30  INFO 18288 --- [           main] com.myapp.spring.ProductCreationTest     : No active profile set, falling back to 1 default profile: "default"
2023-09-05T14:50:37.193+05:30  INFO 18288 --- [           main] .s.d.r.c.RepositoryConfigurationDelegate : Bootstrapping Spring Data MongoDB repositories in DEFAULT mode.
2023-09-05T14:50:37.200+05:30  INFO 18288 --- [           main] .s.d.r.c.RepositoryConfigurationDelegate : Finished Spring Data repository scanning in 6 ms. Found 1 MongoDB repository interfaces.
2023-09-05T14:50:37.462+05:30  INFO 18288 --- [           main] org.mongodb.driver.client                : MongoClient with metadata {"driver": {"name": "mongo-java-driver|sync|spring-boot", "version": "4.9.1"}, "os": {"type": "Windows", "name": "Windows 11", "architecture": "amd64", "version": "10.0"}, "platform": "Java/Eclipse Adoptium/17.0.7+7"} created with settings MongoClientSettings{readPreference=primary, writeConcern=WriteConcern{w=majority, wTimeout=null ms, journal=null}, retryWrites=true, retryReads=true, readConcern=ReadConcern{level=null}, credential=MongoCredential{mechanism=null, userName='Devops', source='admin', password=<hidden>, mechanismProperties=<hidden>}, streamFactoryFactory=null, commandListeners=[io.micrometer.core.instrument.binder.mongodb.MongoMetricsCommandListener@6500e886], codecRegistry=ProvidersCodecRegistry{codecProviders=[ValueCodecProvider{}, BsonValueCodecProvider{}, DBRefCodecProvider{}, DBObjectCodecProvider{}, DocumentCodecProvider{}, CollectionCodecProvider{}, IterableCodecProvider{}, MapCodecProvider{}, GeoJsonCodecProvider{}, GridFSFileCodecProvider{}, Jsr310CodecProvider{}, JsonObjectCodecProvider{}, BsonCodecProvider{}, EnumCodecProvider{}, com.mongodb.client.model.mql.ExpressionCodecProvider@7bede4ea, com.mongodb.Jep395RecordCodecProvider@713999c2]}, loggerSettings=LoggerSettings{maxDocumentLength=1000}, clusterSettings={hosts=[127.0.0.1:27017], srvHost=cluster0.6mbyjzd.mongodb.net, srvServiceName=mongodb, mode=MULTIPLE, requiredClusterType=REPLICA_SET, requiredReplicaSetName='atlas-l4ch7g-shard-0', serverSelector='null', clusterListeners='[]', serverSelectionTimeout='30000 ms', localThreshold='30000 ms'}, socketSettings=SocketSettings{connectTimeoutMS=10000, readTimeoutMS=0, receiveBufferSize=0, sendBufferSize=0}, heartbeatSocketSettings=SocketSettings{connectTimeoutMS=10000, readTimeoutMS=10000, receiveBufferSize=0, sendBufferSize=0}, connectionPoolSettings=ConnectionPoolSettings{maxSize=100, minSize=0, maxWaitTimeMS=120000, maxConnectionLifeTimeMS=0, maxConnectionIdleTimeMS=0, maintenanceInitialDelayMS=0, maintenanceFrequencyMS=60000, connectionPoolListeners=[io.micrometer.core.instrument.binder.mongodb.MongoMetricsConnectionPoolListener@220e1b7b], maxConnecting=2}, serverSettings=ServerSettings{heartbeatFrequencyMS=10000, minHeartbeatFrequencyMS=500, serverListeners='[]', serverMonitorListeners='[]'}, sslSettings=SslSettings{enabled=true, invalidHostNameAllowed=false, context=null}, applicationName='null', compressorList=[], uuidRepresentation=JAVA_LEGACY, serverApi=null, autoEncryptionSettings=null, contextProvider=null}
2023-09-05T14:50:37.638+05:30  INFO 18288 --- [jzd.mongodb.net] org.mongodb.driver.cluster               : Adding discovered server ac-gbkatzs-shard-00-01.6mbyjzd.mongodb.net:27017 to client view of cluster
2023-09-05T14:50:37.639+05:30  INFO 18288 --- [jzd.mongodb.net] org.mongodb.driver.cluster               : Adding discovered server ac-gbkatzs-shard-00-00.6mbyjzd.mongodb.net:27017 to client view of cluster
2023-09-05T14:50:37.640+05:30  INFO 18288 --- [jzd.mongodb.net] org.mongodb.driver.cluster               : Adding discovered server ac-gbkatzs-shard-00-02.6mbyjzd.mongodb.net:27017 to client view of cluster
2023-09-05T14:50:37.751+05:30  INFO 18288 --- [           main] o.s.b.t.m.w.SpringBootMockServletContext : Initializing Spring TestDispatcherServlet ''
2023-09-05T14:50:37.751+05:30  INFO 18288 --- [           main] o.s.t.web.servlet.TestDispatcherServlet  : Initializing Servlet ''
2023-09-05T14:50:37.755+05:30  INFO 18288 --- [           main] o.s.b.a.e.web.EndpointLinksResolver      : Exposing 1 endpoint(s) beneath base path '/actuator'
2023-09-05T14:50:37.758+05:30  INFO 18288 --- [           main] o.s.t.web.servlet.TestDispatcherServlet  : Completed initialization in 6 ms
2023-09-05T14:50:37.770+05:30  INFO 18288 --- [           main] com.myapp.spring.ProductCreationTest     : Started ProductCreationTest in 0.823 seconds (process running for 6.553)
]]></system-out>
  </testcase>
</testsuite>