<?xml version="1.0" encoding="UTF-8"?>
<testsuite xmlns:xsi="http://www.w3.org/2001/XMLSchema-instance" xsi:noNamespaceSchemaLocation="https://maven.apache.org/surefire/maven-surefire-plugin/xsd/surefire-test-report-3.0.xsd" version="3.0" name="com.myapp.spring.DevopsSpringGroovyApplicationTests" time="4.315" tests="1" errors="0" skipped="0" failures="0">
  <properties>
[...]
</properties>
  <testcase name="contextLoads" classname="com.myapp.spring.DevopsSpringGroovyApplicationTests" time="1.003">
    <system-out><![CDATA[14:50:32.255 [main] INFO org.springframework.test.context.support.AnnotationConfigContextLoaderUtils -- Could not detect default configuration classes for test class [com.myapp.spring.ProductCreationTest]: ProductCreationTest does not declare any static, non-private, non-final, nested classes annotated with @Configuration.
14:50:32.387 [main] INFO org.springframework.boot.test.context.SpringBootTestContextBootstrapper -- Found @SpringBootConfiguration com.myapp.spring.DevopsSpringGroovyApplication for test class com.myapp.spring.ProductCreationTest
14:50:32.486 [main] INFO org.springframework.test.context.support.AnnotationConfigContextLoaderUtils -- Could not detect default configuration classes for test class [com.myapp.spring.ProductCreationTest]: ProductCreationTest does not declare any static, non-private, non-final, nested classes annotated with @Configuration.
14:50:32.491 [main] INFO org.springframework.boot.test.context.SpringBootTestContextBootstrapper -- Found @SpringBootConfiguration com.myapp.spring.DevopsSpringGroovyApplication for test class com.myapp.spring.ProductCreationTest
14:50:32.556 [main] INFO org.springframework.test.context.support.AnnotationConfigContextLoaderUtils -- Could not detect default configuration classes for test class [com.myapp.spring.DevopsSpringGroovyApplicationTests]: DevopsSpringGroovyApplicationTests does not declare any static, non-private, non-final, nested classes annotated with @Configuration.
14:50:32.559 [main] INFO org.springframework.boot.test.context.SpringBootTestContextBootstrapper -- Found @SpringBootConfiguration com.myapp.spring.DevopsSpringGroovyApplication for test class com.myapp.spring.DevopsSpringGroovyApplicationTests

  .   ____          _            __ _ _
 /\\ / ___'_ __ _ _(_)_ __  __ _ \ \ \ \
( ( )\___ | '_ | '_| | '_ \/ _` | \ \ \ \
 \\/  ___)| |_)| | | | | || (_| |  ) ) ) )
  '  |____| .__|_| |_|_| |_\__, | / / / /
 =========|_|==============|___/=/_/_/_/
 :: Spring Boot ::                (v3.1.3)

2023-09-05T14:50:33.062+05:30  INFO 18288 --- [           main] c.m.s.DevopsSpringGroovyApplicationTests : Starting DevopsSpringGroovyApplicationTests using Java 17.0.7 with PID 18288 (started by 004ODT744 in C:\DevopsWorkSpace\devops-spring-groovy)
2023-09-05T14:50:33.063+05:30  INFO 18288 --- [           main] c.m.s.DevopsSpringGroovyApplicationTests : No active profile set, falling back to 1 default profile: "default"
2023-09-05T14:50:33.539+05:30  INFO 18288 --- [           main] .s.d.r.c.RepositoryConfigurationDelegate : Bootstrapping Spring Data MongoDB repositories in DEFAULT mode.
2023-09-05T14:50:33.574+05:30  INFO 18288 --- [           main] .s.d.r.c.RepositoryConfigurationDelegate : Finished Spring Data repository scanning in 30 ms. Found 1 MongoDB repository interfaces.
2023-09-05T14:50:34.612+05:30  INFO 18288 --- [           main] org.mongodb.driver.client                : MongoClient with metadata {"driver": {"name": "mongo-java-driver|sync|spring-boot", "version": "4.9.1"}, "os": {"type": "Windows", "name": "Windows 11", "architecture": "amd64", "version": "10.0"}, "platform": "Java/Eclipse Adoptium/17.0.7+7"} created with settings MongoClientSettings{readPreference=primary, writeConcern=WriteConcern{w=majority, wTimeout=null ms, journal=null}, retryWrites=true, retryReads=true, readConcern=ReadConcern{level=null}, credential=MongoCredential{mechanism=null, userName='Devops', source='admin', password=<hidden>, mechanismProperties=<hidden>}, streamFactoryFactory=null, commandListeners=[io.micrometer.core.instrument.binder.mongodb.MongoMetricsCommandListener@7574d4ad], codecRegistry=ProvidersCodecRegistry{codecProviders=[ValueCodecProvider{}, BsonValueCodecProvider{}, DBRefCodecProvider{}, DBObjectCodecProvider{}, DocumentCodecProvider{}, CollectionCodecProvider{}, IterableCodecProvider{}, MapCodecProvider{}, GeoJsonCodecProvider{}, GridFSFileCodecProvider{}, Jsr310CodecProvider{}, JsonObjectCodecProvider{}, BsonCodecProvider{}, EnumCodecProvider{}, com.mongodb.client.model.mql.ExpressionCodecProvider@7bede4ea, com.mongodb.Jep395RecordCodecProvider@713999c2]}, loggerSettings=LoggerSettings{maxDocumentLength=1000}, clusterSettings={hosts=[127.0.0.1:27017], srvHost=cluster0.6mbyjzd.mongodb.net, srvServiceName=mongodb, mode=MULTIPLE, requiredClusterType=REPLICA_SET, requiredReplicaSetName='atlas-l4ch7g-shard-0', serverSelector='null', clusterListeners='[]', serverSelectionTimeout='30000 ms', localThreshold='30000 ms'}, socketSettings=SocketSettings{connectTimeoutMS=10000, readTimeoutMS=0, receiveBufferSize=0, sendBufferSize=0}, heartbeatSocketSettings=SocketSettings{connectTimeoutMS=10000, readTimeoutMS=10000, receiveBufferSize=0, sendBufferSize=0}, connectionPoolSettings=ConnectionPoolSettings{maxSize=100, minSize=0, maxWaitTimeMS=120000, maxConnectionLifeTimeMS=0, maxConnectionIdleTimeMS=0, maintenanceInitialDelayMS=0, maintenanceFrequencyMS=60000, connectionPoolListeners=[io.micrometer.core.instrument.binder.mongodb.MongoMetricsConnectionPoolListener@6060146b], maxConnecting=2}, serverSettings=ServerSettings{heartbeatFrequencyMS=10000, minHeartbeatFrequencyMS=500, serverListeners='[]', serverMonitorListeners='[]'}, sslSettings=SslSettings{enabled=true, invalidHostNameAllowed=false, context=null}, applicationName='null', compressorList=[], uuidRepresentation=JAVA_LEGACY, serverApi=null, autoEncryptionSettings=null, contextProvider=null}
2023-09-05T14:50:34.771+05:30  INFO 18288 --- [jzd.mongodb.net] org.mongodb.driver.cluster               : Adding discovered server ac-gbkatzs-shard-00-01.6mbyjzd.mongodb.net:27017 to client view of cluster
2023-09-05T14:50:34.817+05:30  INFO 18288 --- [jzd.mongodb.net] org.mongodb.driver.cluster               : Adding discovered server ac-gbkatzs-shard-00-00.6mbyjzd.mongodb.net:27017 to client view of cluster
2023-09-05T14:50:34.818+05:30  INFO 18288 --- [jzd.mongodb.net] org.mongodb.driver.cluster               : Adding discovered server ac-gbkatzs-shard-00-02.6mbyjzd.mongodb.net:27017 to client view of cluster
2023-09-05T14:50:35.721+05:30  INFO 18288 --- [           main] o.s.b.a.e.web.EndpointLinksResolver      : Exposing 1 endpoint(s) beneath base path '/actuator'
2023-09-05T14:50:35.782+05:30  INFO 18288 --- [           main] c.m.s.DevopsSpringGroovyApplicationTests : Started DevopsSpringGroovyApplicationTests in 2.999 seconds (process running for 4.564)
2023-09-05T14:50:36.027+05:30  INFO 18288 --- [ngodb.net:27017] org.mongodb.driver.cluster               : Monitor thread successfully connected to server with description ServerDescription{address=ac-gbkatzs-shard-00-01.6mbyjzd.mongodb.net:27017, type=REPLICA_SET_SECONDARY, state=CONNECTED, ok=true, minWireVersion=0, maxWireVersion=17, maxDocumentSize=16777216, logicalSessionTimeoutMinutes=30, roundTripTimeNanos=689918000, setName='atlas-l4ch7g-shard-0', canonicalAddress=ac-gbkatzs-shard-00-01.6mbyjzd.mongodb.net:27017, hosts=[ac-gbkatzs-shard-00-00.6mbyjzd.mongodb.net:27017, ac-gbkatzs-shard-00-01.6mbyjzd.mongodb.net:27017, ac-gbkatzs-shard-00-02.6mbyjzd.mongodb.net:27017], passives=[], arbiters=[], primary='ac-gbkatzs-shard-00-02.6mbyjzd.mongodb.net:27017', tagSet=TagSet{[Tag{name='nodeType', value='ELECTABLE'}, Tag{name='provider', value='AWS'}, Tag{name='region', value='US_EAST_1'}, Tag{name='workloadType', value='OPERATIONAL'}]}, electionId=null, setVersion=1, topologyVersion=TopologyVersion{processId=64f153b740ed19ebf9c13132, counter=4}, lastWriteDate=Tue Sep 05 14:50:35 IST 2023, lastUpdateTimeNanos=355520359013700}
2023-09-05T14:50:36.268+05:30  INFO 18288 --- [ngodb.net:27017] org.mongodb.driver.cluster               : Monitor thread successfully connected to server with description ServerDescription{address=ac-gbkatzs-shard-00-02.6mbyjzd.mongodb.net:27017, type=REPLICA_SET_PRIMARY, state=CONNECTED, ok=true, minWireVersion=0, maxWireVersion=17, maxDocumentSize=16777216, logicalSessionTimeoutMinutes=30, roundTripTimeNanos=804525500, setName='atlas-l4ch7g-shard-0', canonicalAddress=ac-gbkatzs-shard-00-02.6mbyjzd.mongodb.net:27017, hosts=[ac-gbkatzs-shard-00-00.6mbyjzd.mongodb.net:27017, ac-gbkatzs-shard-00-01.6mbyjzd.mongodb.net:27017, ac-gbkatzs-shard-00-02.6mbyjzd.mongodb.net:27017], passives=[], arbiters=[], primary='ac-gbkatzs-shard-00-02.6mbyjzd.mongodb.net:27017', tagSet=TagSet{[Tag{name='nodeType', value='ELECTABLE'}, Tag{name='provider', value='AWS'}, Tag{name='region', value='US_EAST_1'}, Tag{name='workloadType', value='OPERATIONAL'}]}, electionId=7fffffff0000000000000036, setVersion=1, topologyVersion=TopologyVersion{processId=64f0f8f289ac77958d16fa5f, counter=8}, lastWriteDate=Tue Sep 05 14:50:35 IST 2023, lastUpdateTimeNanos=355520610673200}
2023-09-05T14:50:36.270+05:30  INFO 18288 --- [ngodb.net:27017] org.mongodb.driver.cluster               : Discovered replica set primary ac-gbkatzs-shard-00-02.6mbyjzd.mongodb.net:27017 with max election id 7fffffff0000000000000036 and max set version 1
2023-09-05T14:50:36.301+05:30  INFO 18288 --- [ngodb.net:27017] org.mongodb.driver.cluster               : Monitor thread successfully connected to server with description ServerDescription{address=ac-gbkatzs-shard-00-00.6mbyjzd.mongodb.net:27017, type=REPLICA_SET_SECONDARY, state=CONNECTED, ok=true, minWireVersion=0, maxWireVersion=17, maxDocumentSize=16777216, logicalSessionTimeoutMinutes=30, roundTripTimeNanos=800738300, setName='atlas-l4ch7g-shard-0', canonicalAddress=ac-gbkatzs-shard-00-00.6mbyjzd.mongodb.net:27017, hosts=[ac-gbkatzs-shard-00-00.6mbyjzd.mongodb.net:27017, ac-gbkatzs-shard-00-01.6mbyjzd.mongodb.net:27017, ac-gbkatzs-shard-00-02.6mbyjzd.mongodb.net:27017], passives=[], arbiters=[], primary='ac-gbkatzs-shard-00-02.6mbyjzd.mongodb.net:27017', tagSet=TagSet{[Tag{name='nodeType', value='ELECTABLE'}, Tag{name='provider', value='AWS'}, Tag{name='region', value='US_EAST_1'}, Tag{name='workloadType', value='OPERATIONAL'}]}, electionId=null, setVersion=1, topologyVersion=TopologyVersion{processId=64f073eb41969bf77db83648, counter=21}, lastWriteDate=Tue Sep 05 14:50:35 IST 2023, lastUpdateTimeNanos=355520643955000}
]]></system-out>
  </testcase>
</testsuite>